c:\users\100981018\documents\github\smackdownengine\temp\win32\debug\smackdownenginewin32debug.pch
c:\users\100981018\documents\github\smackdownengine\temp\win32\debug\vc141.pdb
c:\users\100981018\documents\github\smackdownengine\temp\win32\debug\vc141.idb
c:\users\100981018\documents\github\smackdownengine\temp\win32\debug\stdafx.obj
c:\users\100981018\documents\github\smackdownengine\temp\win32\debug\main.obj
c:\users\100981018\documents\github\smackdownengine\game\win32\debug\smackdownenginewin32debug.ilk
c:\users\100981018\documents\github\smackdownengine\game\win32\debug\smackdownenginewin32debug.exe
c:\users\100981018\documents\github\smackdownengine\game\win32\debug\smackdownenginewin32debug.pdb
c:\users\100981018\documents\github\smackdownengine\temp\win32\debug\smackdownengine.res
d:\school semester 5\game engine\smackdownengine\temp\win32\debug\smackdownengine.res
d:\school semester 5\game engine\smackdownengine\temp\win32\debug\vc141.idb
d:\school semester 5\game engine\smackdownengine\temp\win32\debug\vc141.pdb
d:\school semester 5\game engine\smackdownengine\\game\win32\debug\smackdownenginewin32debug.pdb
d:\school semester 5\game engine\smackdownengine\\game\win32\debug\smackdownenginewin32debug.ilk
d:\school semester 5\game engine\smackdownengine\temp\win32\debug\smackdownengine.tlog\cl.command.1.tlog
d:\school semester 5\game engine\smackdownengine\temp\win32\debug\smackdownengine.tlog\cl.read.1.tlog
d:\school semester 5\game engine\smackdownengine\temp\win32\debug\smackdownengine.tlog\cl.write.1.tlog
d:\school semester 5\game engine\smackdownengine\temp\win32\debug\smackdownengine.tlog\link.command.1.tlog
d:\school semester 5\game engine\smackdownengine\temp\win32\debug\smackdownengine.tlog\link.read.1.tlog
d:\school semester 5\game engine\smackdownengine\temp\win32\debug\smackdownengine.tlog\link.write.1.tlog
d:\school semester 5\game engine\smackdownengine\temp\win32\debug\smackdownengine.tlog\rc.command.1.tlog
d:\school semester 5\game engine\smackdownengine\temp\win32\debug\smackdownengine.tlog\rc.read.1.tlog
d:\school semester 5\game engine\smackdownengine\temp\win32\debug\smackdownengine.tlog\rc.write.1.tlog
