C:\Program Files (x86)\Microsoft Visual Studio\2017\Community\Common7\IDE\VC\VCTargets\Microsoft.CppBuild.targets(376,5): warning MSB8004: Intermediate Directory does not end with a trailing slash.  This build instance will add the slash as it is required to allow proper evaluation of the Intermediate Directory.
C:\Program Files (x86)\Microsoft Visual Studio\2017\Community\Common7\IDE\VC\VCTargets\Microsoft.CppBuild.targets(377,5): warning MSB8004: Output Directory does not end with a trailing slash.  This build instance will add the slash as it is required to allow proper evaluation of the Output Directory.
  SmackdownEngine.cpp
d:\school semester 5\game engine\smackdownengine\smackdownengine\smackdownengine.cpp(45): warning C4244: '=': conversion from 'unsigned int' to 'T', possible loss of data
          with
          [
              T=float
          ]
d:\school semester 5\game engine\smackdownengine\smackdownengine\smackdownengine.cpp(46): warning C4244: '=': conversion from 'unsigned int' to 'T', possible loss of data
          with
          [
              T=float
          ]
d:\school semester 5\game engine\smackdownengine\smackdownengine\smackdownengine.cpp(49): warning C4244: 'argument': conversion from 'T' to 'unsigned int', possible loss of data
          with
          [
              T=float
          ]
d:\school semester 5\game engine\smackdownengine\smackdownengine\smackdownengine.cpp(91): warning C4244: 'initializing': conversion from 'ULONGLONG' to 'int', possible loss of data
d:\school semester 5\game engine\smackdownengine\smackdownengine\smackdownengine.cpp(83): warning C4101: 'sysInfo': unreferenced local variable
  SmackdownEngine.vcxproj -> D:\School Semester 5\Game Engine\SmackdownEngine\\Game\x64\Debug\SmackdownEngine.exe
